  [1m[35m (7.5ms)[0m  [1m[35mCREATE TABLE "schema_migrations" ("version" varchar NOT NULL PRIMARY KEY)[0m
  [1m[35m (6.0ms)[0m  [1m[35mCREATE TABLE "ar_internal_metadata" ("key" varchar NOT NULL PRIMARY KEY, "value" varchar, "created_at" datetime NOT NULL, "updated_at" datetime NOT NULL)[0m
  [1m[36mActiveRecord::SchemaMigration Load (0.2ms)[0m  [1m[34mSELECT "schema_migrations".* FROM "schema_migrations"[0m
Migrating to Init (20170216164459)
  [1m[35m (0.1ms)[0m  [1m[36mbegin transaction[0m
  [1m[35m (0.5ms)[0m  [1m[35mCREATE TABLE "users" ("id" INTEGER PRIMARY KEY AUTOINCREMENT NOT NULL, "email" text, "password" text, "money" float, "session_id" text, "created_at" datetime NOT NULL, "updated_at" datetime NOT NULL)[0m
  [1m[35m (0.1ms)[0m  [1m[34mselect sqlite_version(*)[0m
  [1m[35m (0.2ms)[0m  [1m[35mCREATE  INDEX "index_users_on_email" ON "users" ("email")[0m
  [1m[35m (0.3ms)[0m  [1m[35mCREATE TABLE "transactions" ("id" INTEGER PRIMARY KEY AUTOINCREMENT NOT NULL, "sender_id" integer, "requester_id" integer, "amount" float, "fulfilled" boolean, "message" text, "created_at" datetime NOT NULL, "updated_at" datetime NOT NULL)[0m
  [1m[35m (0.2ms)[0m  [1m[35mCREATE  INDEX "index_transactions_on_sender_id" ON "transactions" ("sender_id")[0m
  [1m[35m (0.1ms)[0m  [1m[34m            SELECT sql
            FROM sqlite_master
            WHERE name='index_transactions_on_sender_id' AND type='index'
            UNION ALL
            SELECT sql
            FROM sqlite_temp_master
            WHERE name='index_transactions_on_sender_id' AND type='index'
[0m
  [1m[35m (0.2ms)[0m  [1m[35mCREATE  INDEX "index_transactions_on_requester_id" ON "transactions" ("requester_id")[0m
  [1m[35m (0.2ms)[0m  [1m[35mCREATE TABLE "bank_accounts" ("id" INTEGER PRIMARY KEY AUTOINCREMENT NOT NULL, "user_id" integer, "bank_name" text, "account_number" text, "routing_number" text, "created_at" datetime NOT NULL, "updated_at" datetime NOT NULL)[0m
  [1m[35m (0.2ms)[0m  [1m[35mCREATE  INDEX "index_bank_accounts_on_user_id" ON "bank_accounts" ("user_id")[0m
  [1m[35m (0.2ms)[0m  [1m[35mCREATE TABLE "friends" ("id" INTEGER PRIMARY KEY AUTOINCREMENT NOT NULL, "user_id" integer, "user_id2" integer, "created_at" datetime NOT NULL, "updated_at" datetime NOT NULL)[0m
  [1m[35m (0.2ms)[0m  [1m[35mCREATE  INDEX "index_friends_on_user_id" ON "friends" ("user_id")[0m
  [1m[35m (0.1ms)[0m  [1m[34m            SELECT sql
            FROM sqlite_master
            WHERE name='index_friends_on_user_id' AND type='index'
            UNION ALL
            SELECT sql
            FROM sqlite_temp_master
            WHERE name='index_friends_on_user_id' AND type='index'
[0m
  [1m[35m (0.2ms)[0m  [1m[35mCREATE  INDEX "index_friends_on_user_id2" ON "friends" ("user_id2")[0m
  [1m[35mSQL (0.2ms)[0m  [1m[32mINSERT INTO "schema_migrations" ("version") VALUES (?)[0m  [["version", "20170216164459"]]
  [1m[35m (6.3ms)[0m  [1m[36mcommit transaction[0m
  [1m[36mActiveRecord::InternalMetadata Load (0.4ms)[0m  [1m[34mSELECT  "ar_internal_metadata".* FROM "ar_internal_metadata" WHERE "ar_internal_metadata"."key" = ? LIMIT ?[0m  [["key", :environment], ["LIMIT", 1]]
  [1m[35m (0.2ms)[0m  [1m[36mbegin transaction[0m
  [1m[35mSQL (0.4ms)[0m  [1m[32mINSERT INTO "ar_internal_metadata" ("key", "value", "created_at", "updated_at") VALUES (?, ?, ?, ?)[0m  [["key", "environment"], ["value", "development"], ["created_at", 2017-02-16 16:56:47 UTC], ["updated_at", 2017-02-16 16:56:47 UTC]]
  [1m[35m (8.2ms)[0m  [1m[36mcommit transaction[0m
  [1m[36mActiveRecord::SchemaMigration Load (0.1ms)[0m  [1m[34mSELECT "schema_migrations".* FROM "schema_migrations"[0m
  [1m[35m (0.2ms)[0m  [1m[34m            SELECT sql
            FROM sqlite_master
            WHERE name='index_bank_accounts_on_user_id' AND type='index'
            UNION ALL
            SELECT sql
            FROM sqlite_temp_master
            WHERE name='index_bank_accounts_on_user_id' AND type='index'
[0m
  [1m[35m (0.2ms)[0m  [1m[34m            SELECT sql
            FROM sqlite_master
            WHERE name='index_friends_on_user_id2' AND type='index'
            UNION ALL
            SELECT sql
            FROM sqlite_temp_master
            WHERE name='index_friends_on_user_id2' AND type='index'
[0m
  [1m[35m (0.2ms)[0m  [1m[34m            SELECT sql
            FROM sqlite_master
            WHERE name='index_friends_on_user_id' AND type='index'
            UNION ALL
            SELECT sql
            FROM sqlite_temp_master
            WHERE name='index_friends_on_user_id' AND type='index'
[0m
  [1m[35m (0.2ms)[0m  [1m[34m            SELECT sql
            FROM sqlite_master
            WHERE name='index_transactions_on_requester_id' AND type='index'
            UNION ALL
            SELECT sql
            FROM sqlite_temp_master
            WHERE name='index_transactions_on_requester_id' AND type='index'
[0m
  [1m[35m (0.3ms)[0m  [1m[34m            SELECT sql
            FROM sqlite_master
            WHERE name='index_transactions_on_sender_id' AND type='index'
            UNION ALL
            SELECT sql
            FROM sqlite_temp_master
            WHERE name='index_transactions_on_sender_id' AND type='index'
[0m
  [1m[35m (0.2ms)[0m  [1m[34m            SELECT sql
            FROM sqlite_master
            WHERE name='index_users_on_email' AND type='index'
            UNION ALL
            SELECT sql
            FROM sqlite_temp_master
            WHERE name='index_users_on_email' AND type='index'
[0m
Started GET "/" for 127.0.0.1 at 2017-02-16 14:29:11 -0500
  [1m[36mActiveRecord::SchemaMigration Load (0.2ms)[0m  [1m[34mSELECT "schema_migrations".* FROM "schema_migrations"[0m
Processing by HomeController#index as HTML
  Rendering home/index.html.erb within layouts/application
  Rendered home/index.html.erb within layouts/application (1.0ms)
Completed 200 OK in 366ms (Views: 354.0ms | ActiveRecord: 0.0ms)


Started GET "/login" for 127.0.0.1 at 2017-02-16 14:29:15 -0500
  
ActionController::RoutingError (No route matches [GET] "/login"):
  
actionpack (5.0.1) lib/action_dispatch/middleware/debug_exceptions.rb:53:in `call'
web-console (3.4.0) lib/web_console/middleware.rb:135:in `call_app'
web-console (3.4.0) lib/web_console/middleware.rb:28:in `block in call'
web-console (3.4.0) lib/web_console/middleware.rb:18:in `catch'
web-console (3.4.0) lib/web_console/middleware.rb:18:in `call'
actionpack (5.0.1) lib/action_dispatch/middleware/show_exceptions.rb:31:in `call'
railties (5.0.1) lib/rails/rack/logger.rb:36:in `call_app'
railties (5.0.1) lib/rails/rack/logger.rb:24:in `block in call'
activesupport (5.0.1) lib/active_support/tagged_logging.rb:69:in `block in tagged'
activesupport (5.0.1) lib/active_support/tagged_logging.rb:26:in `tagged'
activesupport (5.0.1) lib/active_support/tagged_logging.rb:69:in `tagged'
railties (5.0.1) lib/rails/rack/logger.rb:24:in `call'
sprockets-rails (3.2.0) lib/sprockets/rails/quiet_assets.rb:13:in `call'
actionpack (5.0.1) lib/action_dispatch/middleware/request_id.rb:24:in `call'
rack (2.0.1) lib/rack/method_override.rb:22:in `call'
rack (2.0.1) lib/rack/runtime.rb:22:in `call'
activesupport (5.0.1) lib/active_support/cache/strategy/local_cache_middleware.rb:28:in `call'
actionpack (5.0.1) lib/action_dispatch/middleware/executor.rb:12:in `call'
actionpack (5.0.1) lib/action_dispatch/middleware/static.rb:136:in `call'
rack (2.0.1) lib/rack/sendfile.rb:111:in `call'
railties (5.0.1) lib/rails/engine.rb:522:in `call'
puma (3.7.0) lib/puma/configuration.rb:226:in `call'
puma (3.7.0) lib/puma/server.rb:578:in `handle_request'
puma (3.7.0) lib/puma/server.rb:415:in `process_client'
puma (3.7.0) lib/puma/server.rb:275:in `block in run'
puma (3.7.0) lib/puma/thread_pool.rb:120:in `block in spawn_thread'
  Rendering /home/tomer/.rvm/gems/ruby-2.3.1/gems/actionpack-5.0.1/lib/action_dispatch/middleware/templates/rescues/routing_error.html.erb within rescues/layout
  Rendering /home/tomer/.rvm/gems/ruby-2.3.1/gems/actionpack-5.0.1/lib/action_dispatch/middleware/templates/rescues/_trace.html.erb
  Rendered /home/tomer/.rvm/gems/ruby-2.3.1/gems/actionpack-5.0.1/lib/action_dispatch/middleware/templates/rescues/_trace.html.erb (1.5ms)
  Rendered collection of /home/tomer/.rvm/gems/ruby-2.3.1/gems/actionpack-5.0.1/lib/action_dispatch/middleware/templates/routes/_route.html.erb [4 times] (4.7ms)
  Rendered /home/tomer/.rvm/gems/ruby-2.3.1/gems/actionpack-5.0.1/lib/action_dispatch/middleware/templates/routes/_table.html.erb (13.4ms)
  Rendering /home/tomer/.rvm/gems/ruby-2.3.1/gems/actionpack-5.0.1/lib/action_dispatch/middleware/templates/rescues/_request_and_response.html.erb
  Rendered /home/tomer/.rvm/gems/ruby-2.3.1/gems/actionpack-5.0.1/lib/action_dispatch/middleware/templates/rescues/_request_and_response.html.erb (1.8ms)
  Rendered /home/tomer/.rvm/gems/ruby-2.3.1/gems/actionpack-5.0.1/lib/action_dispatch/middleware/templates/rescues/routing_error.html.erb within rescues/layout (47.8ms)
Started GET "/login/index" for 127.0.0.1 at 2017-02-16 14:29:24 -0500
Processing by LoginController#index as HTML
  Rendering login/index.html.erb within layouts/application
  Rendered login/index.html.erb within layouts/application (0.7ms)
Completed 200 OK in 70ms (Views: 66.9ms | ActiveRecord: 0.0ms)


Started GET "/login/index" for 127.0.0.1 at 2017-02-16 14:31:27 -0500
  
ArgumentError (Missing :controller key on routes definition, please check your routes.):
  
config/routes.rb:2:in `block in <top (required)>'
config/routes.rb:1:in `<top (required)>'
  Rendering /home/tomer/.rvm/gems/ruby-2.3.1/gems/actionpack-5.0.1/lib/action_dispatch/middleware/templates/rescues/diagnostics.html.erb within rescues/layout
  Rendering /home/tomer/.rvm/gems/ruby-2.3.1/gems/actionpack-5.0.1/lib/action_dispatch/middleware/templates/rescues/_source.html.erb
  Rendered /home/tomer/.rvm/gems/ruby-2.3.1/gems/actionpack-5.0.1/lib/action_dispatch/middleware/templates/rescues/_source.html.erb (3.4ms)
  Rendering /home/tomer/.rvm/gems/ruby-2.3.1/gems/actionpack-5.0.1/lib/action_dispatch/middleware/templates/rescues/_trace.html.erb
  Rendered /home/tomer/.rvm/gems/ruby-2.3.1/gems/actionpack-5.0.1/lib/action_dispatch/middleware/templates/rescues/_trace.html.erb (1.5ms)
  Rendering /home/tomer/.rvm/gems/ruby-2.3.1/gems/actionpack-5.0.1/lib/action_dispatch/middleware/templates/rescues/_request_and_response.html.erb
  Rendered /home/tomer/.rvm/gems/ruby-2.3.1/gems/actionpack-5.0.1/lib/action_dispatch/middleware/templates/rescues/_request_and_response.html.erb (0.6ms)
  Rendered /home/tomer/.rvm/gems/ruby-2.3.1/gems/actionpack-5.0.1/lib/action_dispatch/middleware/templates/rescues/diagnostics.html.erb within rescues/layout (18.8ms)
Started GET "/login" for 127.0.0.1 at 2017-02-16 14:31:30 -0500
  
ActionController::RoutingError (No route matches [GET] "/login"):
  
actionpack (5.0.1) lib/action_dispatch/middleware/debug_exceptions.rb:53:in `call'
web-console (3.4.0) lib/web_console/middleware.rb:135:in `call_app'
web-console (3.4.0) lib/web_console/middleware.rb:28:in `block in call'
web-console (3.4.0) lib/web_console/middleware.rb:18:in `catch'
web-console (3.4.0) lib/web_console/middleware.rb:18:in `call'
actionpack (5.0.1) lib/action_dispatch/middleware/show_exceptions.rb:31:in `call'
railties (5.0.1) lib/rails/rack/logger.rb:36:in `call_app'
railties (5.0.1) lib/rails/rack/logger.rb:24:in `block in call'
activesupport (5.0.1) lib/active_support/tagged_logging.rb:69:in `block in tagged'
activesupport (5.0.1) lib/active_support/tagged_logging.rb:26:in `tagged'
activesupport (5.0.1) lib/active_support/tagged_logging.rb:69:in `tagged'
railties (5.0.1) lib/rails/rack/logger.rb:24:in `call'
sprockets-rails (3.2.0) lib/sprockets/rails/quiet_assets.rb:13:in `call'
actionpack (5.0.1) lib/action_dispatch/middleware/request_id.rb:24:in `call'
rack (2.0.1) lib/rack/method_override.rb:22:in `call'
rack (2.0.1) lib/rack/runtime.rb:22:in `call'
activesupport (5.0.1) lib/active_support/cache/strategy/local_cache_middleware.rb:28:in `call'
actionpack (5.0.1) lib/action_dispatch/middleware/executor.rb:12:in `call'
actionpack (5.0.1) lib/action_dispatch/middleware/static.rb:136:in `call'
rack (2.0.1) lib/rack/sendfile.rb:111:in `call'
railties (5.0.1) lib/rails/engine.rb:522:in `call'
puma (3.7.0) lib/puma/configuration.rb:226:in `call'
puma (3.7.0) lib/puma/server.rb:578:in `handle_request'
puma (3.7.0) lib/puma/server.rb:415:in `process_client'
puma (3.7.0) lib/puma/server.rb:275:in `block in run'
puma (3.7.0) lib/puma/thread_pool.rb:120:in `block in spawn_thread'
  Rendering /home/tomer/.rvm/gems/ruby-2.3.1/gems/actionpack-5.0.1/lib/action_dispatch/middleware/templates/rescues/routing_error.html.erb within rescues/layout
  Rendering /home/tomer/.rvm/gems/ruby-2.3.1/gems/actionpack-5.0.1/lib/action_dispatch/middleware/templates/rescues/_trace.html.erb
  Rendered /home/tomer/.rvm/gems/ruby-2.3.1/gems/actionpack-5.0.1/lib/action_dispatch/middleware/templates/rescues/_trace.html.erb (1.3ms)
  Rendered /home/tomer/.rvm/gems/ruby-2.3.1/gems/actionpack-5.0.1/lib/action_dispatch/middleware/templates/routes/_table.html.erb (1.1ms)
  Rendering /home/tomer/.rvm/gems/ruby-2.3.1/gems/actionpack-5.0.1/lib/action_dispatch/middleware/templates/rescues/_request_and_response.html.erb
  Rendered /home/tomer/.rvm/gems/ruby-2.3.1/gems/actionpack-5.0.1/lib/action_dispatch/middleware/templates/rescues/_request_and_response.html.erb (1.1ms)
  Rendered /home/tomer/.rvm/gems/ruby-2.3.1/gems/actionpack-5.0.1/lib/action_dispatch/middleware/templates/rescues/routing_error.html.erb within rescues/layout (18.1ms)
Started GET "/login" for 127.0.0.1 at 2017-02-16 14:34:06 -0500
  [1m[36mActiveRecord::SchemaMigration Load (0.1ms)[0m  [1m[34mSELECT "schema_migrations".* FROM "schema_migrations"[0m
Processing by LoginController#index as HTML
  Rendering login/index.html.erb within layouts/application
  Rendered login/index.html.erb within layouts/application (0.9ms)
Completed 200 OK in 171ms (Views: 163.5ms | ActiveRecord: 0.0ms)


Started POST "/login" for 127.0.0.1 at 2017-02-16 14:34:38 -0500
Processing by LoginController#create as */*
Can't verify CSRF token authenticity.
Completed 422 Unprocessable Entity in 1ms (ActiveRecord: 0.0ms)


  
ActionController::InvalidAuthenticityToken (ActionController::InvalidAuthenticityToken):
  
actionpack (5.0.1) lib/action_controller/metal/request_forgery_protection.rb:195:in `handle_unverified_request'
actionpack (5.0.1) lib/action_controller/metal/request_forgery_protection.rb:223:in `handle_unverified_request'
actionpack (5.0.1) lib/action_controller/metal/request_forgery_protection.rb:218:in `verify_authenticity_token'
activesupport (5.0.1) lib/active_support/callbacks.rb:382:in `block in make_lambda'
activesupport (5.0.1) lib/active_support/callbacks.rb:169:in `block (2 levels) in halting'
actionpack (5.0.1) lib/abstract_controller/callbacks.rb:12:in `block (2 levels) in <module:Callbacks>'
activesupport (5.0.1) lib/active_support/callbacks.rb:170:in `block in halting'
activesupport (5.0.1) lib/active_support/callbacks.rb:454:in `block in call'
activesupport (5.0.1) lib/active_support/callbacks.rb:454:in `each'
activesupport (5.0.1) lib/active_support/callbacks.rb:454:in `call'
activesupport (5.0.1) lib/active_support/callbacks.rb:101:in `__run_callbacks__'
activesupport (5.0.1) lib/active_support/callbacks.rb:750:in `_run_process_action_callbacks'
activesupport (5.0.1) lib/active_support/callbacks.rb:90:in `run_callbacks'
actionpack (5.0.1) lib/abstract_controller/callbacks.rb:19:in `process_action'
actionpack (5.0.1) lib/action_controller/metal/rescue.rb:20:in `process_action'
actionpack (5.0.1) lib/action_controller/metal/instrumentation.rb:32:in `block in process_action'
activesupport (5.0.1) lib/active_support/notifications.rb:164:in `block in instrument'
activesupport (5.0.1) lib/active_support/notifications/instrumenter.rb:21:in `instrument'
activesupport (5.0.1) lib/active_support/notifications.rb:164:in `instrument'
actionpack (5.0.1) lib/action_controller/metal/instrumentation.rb:30:in `process_action'
actionpack (5.0.1) lib/action_controller/metal/params_wrapper.rb:248:in `process_action'
activerecord (5.0.1) lib/active_record/railties/controller_runtime.rb:18:in `process_action'
actionpack (5.0.1) lib/abstract_controller/base.rb:126:in `process'
actionview (5.0.1) lib/action_view/rendering.rb:30:in `process'
actionpack (5.0.1) lib/action_controller/metal.rb:190:in `dispatch'
actionpack (5.0.1) lib/action_controller/metal.rb:262:in `dispatch'
actionpack (5.0.1) lib/action_dispatch/routing/route_set.rb:50:in `dispatch'
actionpack (5.0.1) lib/action_dispatch/routing/route_set.rb:32:in `serve'
actionpack (5.0.1) lib/action_dispatch/journey/router.rb:39:in `block in serve'
actionpack (5.0.1) lib/action_dispatch/journey/router.rb:26:in `each'
actionpack (5.0.1) lib/action_dispatch/journey/router.rb:26:in `serve'
actionpack (5.0.1) lib/action_dispatch/routing/route_set.rb:725:in `call'
rack (2.0.1) lib/rack/etag.rb:25:in `call'
rack (2.0.1) lib/rack/conditional_get.rb:38:in `call'
rack (2.0.1) lib/rack/head.rb:12:in `call'
rack (2.0.1) lib/rack/session/abstract/id.rb:222:in `context'
rack (2.0.1) lib/rack/session/abstract/id.rb:216:in `call'
actionpack (5.0.1) lib/action_dispatch/middleware/cookies.rb:613:in `call'
activerecord (5.0.1) lib/active_record/migration.rb:553:in `call'
actionpack (5.0.1) lib/action_dispatch/middleware/callbacks.rb:38:in `block in call'
activesupport (5.0.1) lib/active_support/callbacks.rb:97:in `__run_callbacks__'
activesupport (5.0.1) lib/active_support/callbacks.rb:750:in `_run_call_callbacks'
activesupport (5.0.1) lib/active_support/callbacks.rb:90:in `run_callbacks'
actionpack (5.0.1) lib/action_dispatch/middleware/callbacks.rb:36:in `call'
actionpack (5.0.1) lib/action_dispatch/middleware/executor.rb:12:in `call'
actionpack (5.0.1) lib/action_dispatch/middleware/remote_ip.rb:79:in `call'
actionpack (5.0.1) lib/action_dispatch/middleware/debug_exceptions.rb:49:in `call'
web-console (3.4.0) lib/web_console/middleware.rb:135:in `call_app'
web-console (3.4.0) lib/web_console/middleware.rb:28:in `block in call'
web-console (3.4.0) lib/web_console/middleware.rb:18:in `catch'
web-console (3.4.0) lib/web_console/middleware.rb:18:in `call'
actionpack (5.0.1) lib/action_dispatch/middleware/show_exceptions.rb:31:in `call'
railties (5.0.1) lib/rails/rack/logger.rb:36:in `call_app'
railties (5.0.1) lib/rails/rack/logger.rb:24:in `block in call'
activesupport (5.0.1) lib/active_support/tagged_logging.rb:69:in `block in tagged'
activesupport (5.0.1) lib/active_support/tagged_logging.rb:26:in `tagged'
activesupport (5.0.1) lib/active_support/tagged_logging.rb:69:in `tagged'
railties (5.0.1) lib/rails/rack/logger.rb:24:in `call'
sprockets-rails (3.2.0) lib/sprockets/rails/quiet_assets.rb:13:in `call'
actionpack (5.0.1) lib/action_dispatch/middleware/request_id.rb:24:in `call'
rack (2.0.1) lib/rack/method_override.rb:22:in `call'
rack (2.0.1) lib/rack/runtime.rb:22:in `call'
activesupport (5.0.1) lib/active_support/cache/strategy/local_cache_middleware.rb:28:in `call'
actionpack (5.0.1) lib/action_dispatch/middleware/executor.rb:12:in `call'
actionpack (5.0.1) lib/action_dispatch/middleware/static.rb:136:in `call'
rack (2.0.1) lib/rack/sendfile.rb:111:in `call'
railties (5.0.1) lib/rails/engine.rb:522:in `call'
puma (3.7.0) lib/puma/configuration.rb:226:in `call'
puma (3.7.0) lib/puma/server.rb:578:in `handle_request'
puma (3.7.0) lib/puma/server.rb:415:in `process_client'
puma (3.7.0) lib/puma/server.rb:275:in `block in run'
puma (3.7.0) lib/puma/thread_pool.rb:120:in `block in spawn_thread'
  Rendering /home/tomer/.rvm/gems/ruby-2.3.1/gems/actionpack-5.0.1/lib/action_dispatch/middleware/templates/rescues/diagnostics.html.erb within rescues/layout
  Rendering /home/tomer/.rvm/gems/ruby-2.3.1/gems/actionpack-5.0.1/lib/action_dispatch/middleware/templates/rescues/_source.html.erb
  Rendered /home/tomer/.rvm/gems/ruby-2.3.1/gems/actionpack-5.0.1/lib/action_dispatch/middleware/templates/rescues/_source.html.erb (2.9ms)
  Rendering /home/tomer/.rvm/gems/ruby-2.3.1/gems/actionpack-5.0.1/lib/action_dispatch/middleware/templates/rescues/_trace.html.erb
  Rendered /home/tomer/.rvm/gems/ruby-2.3.1/gems/actionpack-5.0.1/lib/action_dispatch/middleware/templates/rescues/_trace.html.erb (1.5ms)
  Rendering /home/tomer/.rvm/gems/ruby-2.3.1/gems/actionpack-5.0.1/lib/action_dispatch/middleware/templates/rescues/_request_and_response.html.erb
  Rendered /home/tomer/.rvm/gems/ruby-2.3.1/gems/actionpack-5.0.1/lib/action_dispatch/middleware/templates/rescues/_request_and_response.html.erb (0.6ms)
  Rendered /home/tomer/.rvm/gems/ruby-2.3.1/gems/actionpack-5.0.1/lib/action_dispatch/middleware/templates/rescues/diagnostics.html.erb within rescues/layout (16.3ms)
Started POST "/login" for 127.0.0.1 at 2017-02-16 14:34:50 -0500
Processing by LoginController#create as */*
Can't verify CSRF token authenticity.
Completed 422 Unprocessable Entity in 1ms (ActiveRecord: 0.0ms)


  
ActionController::InvalidAuthenticityToken (ActionController::InvalidAuthenticityToken):
  
actionpack (5.0.1) lib/action_controller/metal/request_forgery_protection.rb:195:in `handle_unverified_request'
actionpack (5.0.1) lib/action_controller/metal/request_forgery_protection.rb:223:in `handle_unverified_request'
actionpack (5.0.1) lib/action_controller/metal/request_forgery_protection.rb:218:in `verify_authenticity_token'
activesupport (5.0.1) lib/active_support/callbacks.rb:382:in `block in make_lambda'
activesupport (5.0.1) lib/active_support/callbacks.rb:169:in `block (2 levels) in halting'
actionpack (5.0.1) lib/abstract_controller/callbacks.rb:12:in `block (2 levels) in <module:Callbacks>'
activesupport (5.0.1) lib/active_support/callbacks.rb:170:in `block in halting'
activesupport (5.0.1) lib/active_support/callbacks.rb:454:in `block in call'
activesupport (5.0.1) lib/active_support/callbacks.rb:454:in `each'
activesupport (5.0.1) lib/active_support/callbacks.rb:454:in `call'
activesupport (5.0.1) lib/active_support/callbacks.rb:101:in `__run_callbacks__'
activesupport (5.0.1) lib/active_support/callbacks.rb:750:in `_run_process_action_callbacks'
activesupport (5.0.1) lib/active_support/callbacks.rb:90:in `run_callbacks'
actionpack (5.0.1) lib/abstract_controller/callbacks.rb:19:in `process_action'
actionpack (5.0.1) lib/action_controller/metal/rescue.rb:20:in `process_action'
actionpack (5.0.1) lib/action_controller/metal/instrumentation.rb:32:in `block in process_action'
activesupport (5.0.1) lib/active_support/notifications.rb:164:in `block in instrument'
activesupport (5.0.1) lib/active_support/notifications/instrumenter.rb:21:in `instrument'
activesupport (5.0.1) lib/active_support/notifications.rb:164:in `instrument'
actionpack (5.0.1) lib/action_controller/metal/instrumentation.rb:30:in `process_action'
actionpack (5.0.1) lib/action_controller/metal/params_wrapper.rb:248:in `process_action'
activerecord (5.0.1) lib/active_record/railties/controller_runtime.rb:18:in `process_action'
actionpack (5.0.1) lib/abstract_controller/base.rb:126:in `process'
actionview (5.0.1) lib/action_view/rendering.rb:30:in `process'
actionpack (5.0.1) lib/action_controller/metal.rb:190:in `dispatch'
actionpack (5.0.1) lib/action_controller/metal.rb:262:in `dispatch'
actionpack (5.0.1) lib/action_dispatch/routing/route_set.rb:50:in `dispatch'
actionpack (5.0.1) lib/action_dispatch/routing/route_set.rb:32:in `serve'
actionpack (5.0.1) lib/action_dispatch/journey/router.rb:39:in `block in serve'
actionpack (5.0.1) lib/action_dispatch/journey/router.rb:26:in `each'
actionpack (5.0.1) lib/action_dispatch/journey/router.rb:26:in `serve'
actionpack (5.0.1) lib/action_dispatch/routing/route_set.rb:725:in `call'
rack (2.0.1) lib/rack/etag.rb:25:in `call'
rack (2.0.1) lib/rack/conditional_get.rb:38:in `call'
rack (2.0.1) lib/rack/head.rb:12:in `call'
rack (2.0.1) lib/rack/session/abstract/id.rb:222:in `context'
rack (2.0.1) lib/rack/session/abstract/id.rb:216:in `call'
actionpack (5.0.1) lib/action_dispatch/middleware/cookies.rb:613:in `call'
activerecord (5.0.1) lib/active_record/migration.rb:553:in `call'
actionpack (5.0.1) lib/action_dispatch/middleware/callbacks.rb:38:in `block in call'
activesupport (5.0.1) lib/active_support/callbacks.rb:97:in `__run_callbacks__'
activesupport (5.0.1) lib/active_support/callbacks.rb:750:in `_run_call_callbacks'
activesupport (5.0.1) lib/active_support/callbacks.rb:90:in `run_callbacks'
actionpack (5.0.1) lib/action_dispatch/middleware/callbacks.rb:36:in `call'
actionpack (5.0.1) lib/action_dispatch/middleware/executor.rb:12:in `call'
actionpack (5.0.1) lib/action_dispatch/middleware/remote_ip.rb:79:in `call'
actionpack (5.0.1) lib/action_dispatch/middleware/debug_exceptions.rb:49:in `call'
web-console (3.4.0) lib/web_console/middleware.rb:135:in `call_app'
web-console (3.4.0) lib/web_console/middleware.rb:28:in `block in call'
web-console (3.4.0) lib/web_console/middleware.rb:18:in `catch'
web-console (3.4.0) lib/web_console/middleware.rb:18:in `call'
actionpack (5.0.1) lib/action_dispatch/middleware/show_exceptions.rb:31:in `call'
railties (5.0.1) lib/rails/rack/logger.rb:36:in `call_app'
railties (5.0.1) lib/rails/rack/logger.rb:24:in `block in call'
activesupport (5.0.1) lib/active_support/tagged_logging.rb:69:in `block in tagged'
activesupport (5.0.1) lib/active_support/tagged_logging.rb:26:in `tagged'
activesupport (5.0.1) lib/active_support/tagged_logging.rb:69:in `tagged'
railties (5.0.1) lib/rails/rack/logger.rb:24:in `call'
sprockets-rails (3.2.0) lib/sprockets/rails/quiet_assets.rb:13:in `call'
actionpack (5.0.1) lib/action_dispatch/middleware/request_id.rb:24:in `call'
rack (2.0.1) lib/rack/method_override.rb:22:in `call'
rack (2.0.1) lib/rack/runtime.rb:22:in `call'
activesupport (5.0.1) lib/active_support/cache/strategy/local_cache_middleware.rb:28:in `call'
actionpack (5.0.1) lib/action_dispatch/middleware/executor.rb:12:in `call'
actionpack (5.0.1) lib/action_dispatch/middleware/static.rb:136:in `call'
rack (2.0.1) lib/rack/sendfile.rb:111:in `call'
railties (5.0.1) lib/rails/engine.rb:522:in `call'
puma (3.7.0) lib/puma/configuration.rb:226:in `call'
puma (3.7.0) lib/puma/server.rb:578:in `handle_request'
puma (3.7.0) lib/puma/server.rb:415:in `process_client'
puma (3.7.0) lib/puma/server.rb:275:in `block in run'
puma (3.7.0) lib/puma/thread_pool.rb:120:in `block in spawn_thread'
  Rendering /home/tomer/.rvm/gems/ruby-2.3.1/gems/actionpack-5.0.1/lib/action_dispatch/middleware/templates/rescues/diagnostics.html.erb within rescues/layout
  Rendering /home/tomer/.rvm/gems/ruby-2.3.1/gems/actionpack-5.0.1/lib/action_dispatch/middleware/templates/rescues/_source.html.erb
  Rendered /home/tomer/.rvm/gems/ruby-2.3.1/gems/actionpack-5.0.1/lib/action_dispatch/middleware/templates/rescues/_source.html.erb (3.3ms)
  Rendering /home/tomer/.rvm/gems/ruby-2.3.1/gems/actionpack-5.0.1/lib/action_dispatch/middleware/templates/rescues/_trace.html.erb
  Rendered /home/tomer/.rvm/gems/ruby-2.3.1/gems/actionpack-5.0.1/lib/action_dispatch/middleware/templates/rescues/_trace.html.erb (1.6ms)
  Rendering /home/tomer/.rvm/gems/ruby-2.3.1/gems/actionpack-5.0.1/lib/action_dispatch/middleware/templates/rescues/_request_and_response.html.erb
  Rendered /home/tomer/.rvm/gems/ruby-2.3.1/gems/actionpack-5.0.1/lib/action_dispatch/middleware/templates/rescues/_request_and_response.html.erb (0.6ms)
  Rendered /home/tomer/.rvm/gems/ruby-2.3.1/gems/actionpack-5.0.1/lib/action_dispatch/middleware/templates/rescues/diagnostics.html.erb within rescues/layout (16.5ms)
Started GET "/login" for 127.0.0.1 at 2017-02-16 14:35:06 -0500
Processing by LoginController#index as */*
  Rendering login/index.html.erb within layouts/application
  Rendered login/index.html.erb within layouts/application (0.4ms)
Completed 200 OK in 57ms (Views: 50.7ms | ActiveRecord: 0.0ms)


Started POST "/login" for 127.0.0.1 at 2017-02-16 14:35:11 -0500
Processing by LoginController#create as */*
Can't verify CSRF token authenticity.
Completed 422 Unprocessable Entity in 4ms (ActiveRecord: 0.0ms)


  
ActionController::InvalidAuthenticityToken (ActionController::InvalidAuthenticityToken):
  
actionpack (5.0.1) lib/action_controller/metal/request_forgery_protection.rb:195:in `handle_unverified_request'
actionpack (5.0.1) lib/action_controller/metal/request_forgery_protection.rb:223:in `handle_unverified_request'
actionpack (5.0.1) lib/action_controller/metal/request_forgery_protection.rb:218:in `verify_authenticity_token'
activesupport (5.0.1) lib/active_support/callbacks.rb:382:in `block in make_lambda'
activesupport (5.0.1) lib/active_support/callbacks.rb:169:in `block (2 levels) in halting'
actionpack (5.0.1) lib/abstract_controller/callbacks.rb:12:in `block (2 levels) in <module:Callbacks>'
activesupport (5.0.1) lib/active_support/callbacks.rb:170:in `block in halting'
activesupport (5.0.1) lib/active_support/callbacks.rb:454:in `block in call'
activesupport (5.0.1) lib/active_support/callbacks.rb:454:in `each'
activesupport (5.0.1) lib/active_support/callbacks.rb:454:in `call'
activesupport (5.0.1) lib/active_support/callbacks.rb:101:in `__run_callbacks__'
activesupport (5.0.1) lib/active_support/callbacks.rb:750:in `_run_process_action_callbacks'
activesupport (5.0.1) lib/active_support/callbacks.rb:90:in `run_callbacks'
actionpack (5.0.1) lib/abstract_controller/callbacks.rb:19:in `process_action'
actionpack (5.0.1) lib/action_controller/metal/rescue.rb:20:in `process_action'
actionpack (5.0.1) lib/action_controller/metal/instrumentation.rb:32:in `block in process_action'
activesupport (5.0.1) lib/active_support/notifications.rb:164:in `block in instrument'
activesupport (5.0.1) lib/active_support/notifications/instrumenter.rb:21:in `instrument'
activesupport (5.0.1) lib/active_support/notifications.rb:164:in `instrument'
actionpack (5.0.1) lib/action_controller/metal/instrumentation.rb:30:in `process_action'
actionpack (5.0.1) lib/action_controller/metal/params_wrapper.rb:248:in `process_action'
activerecord (5.0.1) lib/active_record/railties/controller_runtime.rb:18:in `process_action'
actionpack (5.0.1) lib/abstract_controller/base.rb:126:in `process'
actionview (5.0.1) lib/action_view/rendering.rb:30:in `process'
actionpack (5.0.1) lib/action_controller/metal.rb:190:in `dispatch'
actionpack (5.0.1) lib/action_controller/metal.rb:262:in `dispatch'
actionpack (5.0.1) lib/action_dispatch/routing/route_set.rb:50:in `dispatch'
actionpack (5.0.1) lib/action_dispatch/routing/route_set.rb:32:in `serve'
actionpack (5.0.1) lib/action_dispatch/journey/router.rb:39:in `block in serve'
actionpack (5.0.1) lib/action_dispatch/journey/router.rb:26:in `each'
actionpack (5.0.1) lib/action_dispatch/journey/router.rb:26:in `serve'
actionpack (5.0.1) lib/action_dispatch/routing/route_set.rb:725:in `call'
rack (2.0.1) lib/rack/etag.rb:25:in `call'
rack (2.0.1) lib/rack/conditional_get.rb:38:in `call'
rack (2.0.1) lib/rack/head.rb:12:in `call'
rack (2.0.1) lib/rack/session/abstract/id.rb:222:in `context'
rack (2.0.1) lib/rack/session/abstract/id.rb:216:in `call'
actionpack (5.0.1) lib/action_dispatch/middleware/cookies.rb:613:in `call'
activerecord (5.0.1) lib/active_record/migration.rb:553:in `call'
actionpack (5.0.1) lib/action_dispatch/middleware/callbacks.rb:38:in `block in call'
activesupport (5.0.1) lib/active_support/callbacks.rb:97:in `__run_callbacks__'
activesupport (5.0.1) lib/active_support/callbacks.rb:750:in `_run_call_callbacks'
activesupport (5.0.1) lib/active_support/callbacks.rb:90:in `run_callbacks'
actionpack (5.0.1) lib/action_dispatch/middleware/callbacks.rb:36:in `call'
actionpack (5.0.1) lib/action_dispatch/middleware/executor.rb:12:in `call'
actionpack (5.0.1) lib/action_dispatch/middleware/remote_ip.rb:79:in `call'
actionpack (5.0.1) lib/action_dispatch/middleware/debug_exceptions.rb:49:in `call'
web-console (3.4.0) lib/web_console/middleware.rb:135:in `call_app'
web-console (3.4.0) lib/web_console/middleware.rb:28:in `block in call'
web-console (3.4.0) lib/web_console/middleware.rb:18:in `catch'
web-console (3.4.0) lib/web_console/middleware.rb:18:in `call'
actionpack (5.0.1) lib/action_dispatch/middleware/show_exceptions.rb:31:in `call'
railties (5.0.1) lib/rails/rack/logger.rb:36:in `call_app'
railties (5.0.1) lib/rails/rack/logger.rb:24:in `block in call'
activesupport (5.0.1) lib/active_support/tagged_logging.rb:69:in `block in tagged'
activesupport (5.0.1) lib/active_support/tagged_logging.rb:26:in `tagged'
activesupport (5.0.1) lib/active_support/tagged_logging.rb:69:in `tagged'
railties (5.0.1) lib/rails/rack/logger.rb:24:in `call'
sprockets-rails (3.2.0) lib/sprockets/rails/quiet_assets.rb:13:in `call'
actionpack (5.0.1) lib/action_dispatch/middleware/request_id.rb:24:in `call'
rack (2.0.1) lib/rack/method_override.rb:22:in `call'
rack (2.0.1) lib/rack/runtime.rb:22:in `call'
activesupport (5.0.1) lib/active_support/cache/strategy/local_cache_middleware.rb:28:in `call'
actionpack (5.0.1) lib/action_dispatch/middleware/executor.rb:12:in `call'
actionpack (5.0.1) lib/action_dispatch/middleware/static.rb:136:in `call'
rack (2.0.1) lib/rack/sendfile.rb:111:in `call'
railties (5.0.1) lib/rails/engine.rb:522:in `call'
puma (3.7.0) lib/puma/configuration.rb:226:in `call'
puma (3.7.0) lib/puma/server.rb:578:in `handle_request'
puma (3.7.0) lib/puma/server.rb:415:in `process_client'
puma (3.7.0) lib/puma/server.rb:275:in `block in run'
puma (3.7.0) lib/puma/thread_pool.rb:120:in `block in spawn_thread'
  Rendering /home/tomer/.rvm/gems/ruby-2.3.1/gems/actionpack-5.0.1/lib/action_dispatch/middleware/templates/rescues/diagnostics.html.erb within rescues/layout
  Rendering /home/tomer/.rvm/gems/ruby-2.3.1/gems/actionpack-5.0.1/lib/action_dispatch/middleware/templates/rescues/_source.html.erb
  Rendered /home/tomer/.rvm/gems/ruby-2.3.1/gems/actionpack-5.0.1/lib/action_dispatch/middleware/templates/rescues/_source.html.erb (2.9ms)
  Rendering /home/tomer/.rvm/gems/ruby-2.3.1/gems/actionpack-5.0.1/lib/action_dispatch/middleware/templates/rescues/_trace.html.erb
  Rendered /home/tomer/.rvm/gems/ruby-2.3.1/gems/actionpack-5.0.1/lib/action_dispatch/middleware/templates/rescues/_trace.html.erb (1.3ms)
  Rendering /home/tomer/.rvm/gems/ruby-2.3.1/gems/actionpack-5.0.1/lib/action_dispatch/middleware/templates/rescues/_request_and_response.html.erb
  Rendered /home/tomer/.rvm/gems/ruby-2.3.1/gems/actionpack-5.0.1/lib/action_dispatch/middleware/templates/rescues/_request_and_response.html.erb (0.5ms)
  Rendered /home/tomer/.rvm/gems/ruby-2.3.1/gems/actionpack-5.0.1/lib/action_dispatch/middleware/templates/rescues/diagnostics.html.erb within rescues/layout (15.8ms)
Started POST "/login" for 127.0.0.1 at 2017-02-16 14:38:02 -0500
  [1m[36mActiveRecord::SchemaMigration Load (0.1ms)[0m  [1m[34mSELECT "schema_migrations".* FROM "schema_migrations"[0m
Processing by LoginController#create as */*
Can't verify CSRF token authenticity.
  Rendering login/create.html.erb within layouts/application
  Rendered login/create.html.erb within layouts/application (0.7ms)
Completed 200 OK in 164ms (Views: 154.6ms | ActiveRecord: 0.0ms)


Started GET "/login" for 127.0.0.1 at 2017-02-16 14:39:06 -0500
Processing by LoginController#index as */*
  Rendering login/index.html.erb within layouts/application
  Rendered login/index.html.erb within layouts/application (0.6ms)
Completed 200 OK in 33ms (Views: 28.3ms | ActiveRecord: 0.0ms)


Started GET "/" for 127.0.0.1 at 2017-02-16 14:43:46 -0500
  [1m[36mActiveRecord::SchemaMigration Load (0.2ms)[0m  [1m[34mSELECT "schema_migrations".* FROM "schema_migrations"[0m
Processing by HomeController#index as HTML
  Rendering home/index.html.erb within layouts/application
  Rendered home/index.html.erb within layouts/application (2.1ms)
Completed 200 OK in 58650ms (Views: 580.4ms | ActiveRecord: 0.0ms)


Started GET "/" for 127.0.0.1 at 2017-02-16 14:46:51 -0500
Processing by HomeController#index as HTML
Redirected to http://0.0.0.0:3000/login
Completed 302 Found in 1ms (ActiveRecord: 0.0ms)


Started GET "/login" for 127.0.0.1 at 2017-02-16 14:47:01 -0500
Processing by LoginController#index as HTML
  Rendering login/index.html.erb within layouts/application
  Rendered login/index.html.erb within layouts/application (0.6ms)
Completed 200 OK in 37ms (Views: 34.2ms | ActiveRecord: 0.0ms)


Started GET "/" for 127.0.0.1 at 2017-02-16 14:47:20 -0500
  [1m[36mActiveRecord::SchemaMigration Load (0.1ms)[0m  [1m[34mSELECT "schema_migrations".* FROM "schema_migrations"[0m
Processing by HomeController#index as HTML
Redirected to http://0.0.0.0:3000/login
Completed 302 Found in 10ms (ActiveRecord: 0.0ms)


Started GET "/login" for 127.0.0.1 at 2017-02-16 14:47:20 -0500
Processing by LoginController#index as HTML
  Rendering login/index.html.erb within layouts/application
  Rendered login/index.html.erb within layouts/application (0.8ms)
Completed 200 OK in 165ms (Views: 164.1ms | ActiveRecord: 0.0ms)


Started GET "/login" for 127.0.0.1 at 2017-02-16 14:48:42 -0500
Processing by LoginController#index as HTML
  Rendering login/index.html.erb within layouts/application
  Rendered login/index.html.erb within layouts/application (0.6ms)
Completed 200 OK in 41ms (Views: 39.2ms | ActiveRecord: 0.0ms)


Started GET "/login" for 127.0.0.1 at 2017-02-16 14:48:49 -0500
Processing by LoginController#index as HTML
  Rendering login/index.html.erb within layouts/application
  Rendered login/index.html.erb within layouts/application (0.3ms)
Completed 200 OK in 25ms (Views: 23.8ms | ActiveRecord: 0.0ms)


Started GET "/login?username=&password=" for 127.0.0.1 at 2017-02-16 14:48:53 -0500
Processing by LoginController#index as HTML
  Parameters: {"username"=>"", "password"=>"[FILTERED]"}
  Rendering login/index.html.erb within layouts/application
  Rendered login/index.html.erb within layouts/application (0.4ms)
Completed 200 OK in 34ms (Views: 31.5ms | ActiveRecord: 0.0ms)


Started GET "/login?username=&password=" for 127.0.0.1 at 2017-02-16 14:49:24 -0500
Processing by LoginController#index as HTML
  Parameters: {"username"=>"", "password"=>"[FILTERED]"}
  Rendering login/index.html.erb within layouts/application
  Rendered login/index.html.erb within layouts/application (0.4ms)
Completed 200 OK in 56ms (Views: 54.2ms | ActiveRecord: 0.0ms)


Started POST "/login" for 127.0.0.1 at 2017-02-16 14:49:27 -0500
Processing by LoginController#create as HTML
  Parameters: {"username"=>"", "password"=>"[FILTERED]"}
Can't verify CSRF token authenticity.
  Rendering login/create.html.erb within layouts/application
  Rendered login/create.html.erb within layouts/application (0.7ms)
Completed 200 OK in 28ms (Views: 26.7ms | ActiveRecord: 0.0ms)


Started GET "/" for 127.0.0.1 at 2017-02-16 14:53:47 -0500
Processing by HomeController#index as HTML
Redirected to http://0.0.0.0:3000/login
Completed 302 Found in 1ms (ActiveRecord: 0.0ms)


Started GET "/login" for 127.0.0.1 at 2017-02-16 14:53:48 -0500
Processing by LoginController#index as HTML
  Rendering login/index.html.erb within layouts/application
  Rendered login/index.html.erb within layouts/application (0.7ms)
Completed 200 OK in 39ms (Views: 38.3ms | ActiveRecord: 0.0ms)


Started GET "/" for 127.0.0.1 at 2017-02-16 14:53:55 -0500
Processing by HomeController#index as HTML
Redirected to http://0.0.0.0:3000/login
Completed 302 Found in 1ms (ActiveRecord: 0.0ms)


Started GET "/login" for 127.0.0.1 at 2017-02-16 14:53:55 -0500
Processing by LoginController#index as HTML
  Rendering login/index.html.erb within layouts/application
  Rendered login/index.html.erb within layouts/application (1.1ms)
Completed 200 OK in 41ms (Views: 38.9ms | ActiveRecord: 0.0ms)


Started GET "/login?username=t%2Cer&password=[FILTERED]" for 127.0.0.1 at 2017-02-16 14:54:02 -0500
Processing by LoginController#index as HTML
  Parameters: {"username"=>"t,er", "password"=>"[FILTERED]"}
  Rendering login/index.html.erb within layouts/application
  Rendered login/index.html.erb within layouts/application (0.4ms)
Completed 200 OK in 40ms (Views: 37.8ms | ActiveRecord: 0.0ms)


Started GET "/login?username=&password=" for 127.0.0.1 at 2017-02-16 14:54:07 -0500
Processing by LoginController#index as HTML
  Parameters: {"username"=>"", "password"=>"[FILTERED]"}
  Rendering login/index.html.erb within layouts/application
  Rendered login/index.html.erb within layouts/application (0.6ms)
Completed 200 OK in 36ms (Views: 34.0ms | ActiveRecord: 0.0ms)


Started GET "/login?username=sdf&password=[FILTERED]" for 127.0.0.1 at 2017-02-16 14:54:20 -0500
  [1m[36mActiveRecord::SchemaMigration Load (0.2ms)[0m  [1m[34mSELECT "schema_migrations".* FROM "schema_migrations"[0m
Processing by LoginController#index as HTML
  Parameters: {"username"=>"sdf", "password"=>"[FILTERED]"}
  Rendering login/index.html.erb within layouts/application
  Rendered login/index.html.erb within layouts/application (1.3ms)
Completed 200 OK in 7083ms (Views: 588.0ms | ActiveRecord: 0.0ms)


Started GET "/login?username=sdf&password=[FILTERED]" for 127.0.0.1 at 2017-02-16 14:54:35 -0500
Processing by LoginController#index as HTML
  Parameters: {"username"=>"sdf", "password"=>"[FILTERED]"}
  Rendering login/index.html.erb within layouts/application
  Rendered login/index.html.erb within layouts/application (1.4ms)
Completed 200 OK in 29055ms (Views: 91.5ms | ActiveRecord: 0.0ms)


Started GET "/login?username=sdf&password=[FILTERED]" for 127.0.0.1 at 2017-02-16 14:55:09 -0500
Processing by LoginController#index as HTML
  Parameters: {"username"=>"sdf", "password"=>"[FILTERED]"}
Redirected to http://0.0.0.0:3000/home
Completed 302 Found in 1ms (ActiveRecord: 0.0ms)


Started GET "/home" for 127.0.0.1 at 2017-02-16 14:55:09 -0500
  
ActionController::RoutingError (No route matches [GET] "/home"):
  
actionpack (5.0.1) lib/action_dispatch/middleware/debug_exceptions.rb:53:in `call'
web-console (3.4.0) lib/web_console/middleware.rb:135:in `call_app'
web-console (3.4.0) lib/web_console/middleware.rb:28:in `block in call'
web-console (3.4.0) lib/web_console/middleware.rb:18:in `catch'
web-console (3.4.0) lib/web_console/middleware.rb:18:in `call'
actionpack (5.0.1) lib/action_dispatch/middleware/show_exceptions.rb:31:in `call'
railties (5.0.1) lib/rails/rack/logger.rb:36:in `call_app'
railties (5.0.1) lib/rails/rack/logger.rb:24:in `block in call'
activesupport (5.0.1) lib/active_support/tagged_logging.rb:69:in `block in tagged'
activesupport (5.0.1) lib/active_support/tagged_logging.rb:26:in `tagged'
activesupport (5.0.1) lib/active_support/tagged_logging.rb:69:in `tagged'
railties (5.0.1) lib/rails/rack/logger.rb:24:in `call'
sprockets-rails (3.2.0) lib/sprockets/rails/quiet_assets.rb:13:in `call'
actionpack (5.0.1) lib/action_dispatch/middleware/request_id.rb:24:in `call'
rack (2.0.1) lib/rack/method_override.rb:22:in `call'
rack (2.0.1) lib/rack/runtime.rb:22:in `call'
activesupport (5.0.1) lib/active_support/cache/strategy/local_cache_middleware.rb:28:in `call'
actionpack (5.0.1) lib/action_dispatch/middleware/executor.rb:12:in `call'
actionpack (5.0.1) lib/action_dispatch/middleware/static.rb:136:in `call'
rack (2.0.1) lib/rack/sendfile.rb:111:in `call'
railties (5.0.1) lib/rails/engine.rb:522:in `call'
puma (3.7.0) lib/puma/configuration.rb:226:in `call'
puma (3.7.0) lib/puma/server.rb:578:in `handle_request'
puma (3.7.0) lib/puma/server.rb:415:in `process_client'
puma (3.7.0) lib/puma/server.rb:275:in `block in run'
puma (3.7.0) lib/puma/thread_pool.rb:120:in `block in spawn_thread'
  Rendering /home/tomer/.rvm/gems/ruby-2.3.1/gems/actionpack-5.0.1/lib/action_dispatch/middleware/templates/rescues/routing_error.html.erb within rescues/layout
  Rendering /home/tomer/.rvm/gems/ruby-2.3.1/gems/actionpack-5.0.1/lib/action_dispatch/middleware/templates/rescues/_trace.html.erb
  Rendered /home/tomer/.rvm/gems/ruby-2.3.1/gems/actionpack-5.0.1/lib/action_dispatch/middleware/templates/rescues/_trace.html.erb (1.1ms)
  Rendered collection of /home/tomer/.rvm/gems/ruby-2.3.1/gems/actionpack-5.0.1/lib/action_dispatch/middleware/templates/routes/_route.html.erb [4 times] (1.9ms)
  Rendered /home/tomer/.rvm/gems/ruby-2.3.1/gems/actionpack-5.0.1/lib/action_dispatch/middleware/templates/routes/_table.html.erb (5.7ms)
  Rendering /home/tomer/.rvm/gems/ruby-2.3.1/gems/actionpack-5.0.1/lib/action_dispatch/middleware/templates/rescues/_request_and_response.html.erb
  Rendered /home/tomer/.rvm/gems/ruby-2.3.1/gems/actionpack-5.0.1/lib/action_dispatch/middleware/templates/rescues/_request_and_response.html.erb (0.9ms)
  Rendered /home/tomer/.rvm/gems/ruby-2.3.1/gems/actionpack-5.0.1/lib/action_dispatch/middleware/templates/rescues/routing_error.html.erb within rescues/layout (25.1ms)
Started GET "/login" for 127.0.0.1 at 2017-02-16 14:55:26 -0500
Processing by LoginController#index as HTML
  Rendering login/index.html.erb within layouts/application
  Rendered login/index.html.erb within layouts/application (0.3ms)
Completed 200 OK in 23ms (Views: 22.0ms | ActiveRecord: 0.0ms)


Started GET "/login?username=asd&password=[FILTERED]" for 127.0.0.1 at 2017-02-16 14:55:29 -0500
Processing by LoginController#index as HTML
  Parameters: {"username"=>"asd", "password"=>"[FILTERED]"}
Redirected to http://0.0.0.0:3000/
Completed 302 Found in 1ms (ActiveRecord: 0.0ms)


Started GET "/" for 127.0.0.1 at 2017-02-16 14:55:29 -0500
Processing by HomeController#index as HTML
  Rendering home/index.html.erb within layouts/application
  Rendered home/index.html.erb within layouts/application (0.5ms)
Completed 200 OK in 25ms (Views: 23.9ms | ActiveRecord: 0.0ms)


Started GET "/" for 127.0.0.1 at 2017-02-16 14:55:37 -0500
Processing by HomeController#index as HTML
  Rendering home/index.html.erb within layouts/application
  Rendered home/index.html.erb within layouts/application (0.5ms)
Completed 200 OK in 31ms (Views: 29.7ms | ActiveRecord: 0.0ms)


Started GET "/" for 127.0.0.1 at 2017-02-16 14:55:47 -0500
Processing by HomeController#index as HTML
Redirected to http://0.0.0.0:3000/login
Completed 302 Found in 1ms (ActiveRecord: 0.0ms)


Started GET "/login" for 127.0.0.1 at 2017-02-16 14:55:47 -0500
Processing by LoginController#index as HTML
  Rendering login/index.html.erb within layouts/application
  Rendered login/index.html.erb within layouts/application (0.3ms)
Completed 200 OK in 34ms (Views: 32.2ms | ActiveRecord: 0.0ms)


