I, [2017-02-02T11:52:14.918662 #15314]  INFO -- : [a8f28dcd-50ed-458e-90bf-4e0dd6da43cd] Started GET "/" for 127.0.0.1 at 2017-02-02 11:52:14 -0500
I, [2017-02-02T11:52:14.921150 #15314]  INFO -- : [a8f28dcd-50ed-458e-90bf-4e0dd6da43cd] Processing by HomeController#index as HTML
I, [2017-02-02T11:52:14.935454 #15314]  INFO -- : [a8f28dcd-50ed-458e-90bf-4e0dd6da43cd]   Rendering home/index.html.erb within layouts/application
I, [2017-02-02T11:52:14.936144 #15314]  INFO -- : [a8f28dcd-50ed-458e-90bf-4e0dd6da43cd]   Rendered home/index.html.erb within layouts/application (0.5ms)
I, [2017-02-02T11:52:14.940679 #15314]  INFO -- : [a8f28dcd-50ed-458e-90bf-4e0dd6da43cd] Completed 200 OK in 19ms (Views: 6.5ms)
I, [2017-02-02T11:52:15.020330 #15314]  INFO -- : [ae99c6f2-d373-467f-acc7-14c49e16010d] Started GET "/stylesheets/application.css" for 127.0.0.1 at 2017-02-02 11:52:15 -0500
F, [2017-02-02T11:52:15.021365 #15314] FATAL -- : [ae99c6f2-d373-467f-acc7-14c49e16010d]   
F, [2017-02-02T11:52:15.021473 #15314] FATAL -- : [ae99c6f2-d373-467f-acc7-14c49e16010d] ActionController::RoutingError (No route matches [GET] "/stylesheets/application.css"):
F, [2017-02-02T11:52:15.021536 #15314] FATAL -- : [ae99c6f2-d373-467f-acc7-14c49e16010d]   
F, [2017-02-02T11:52:15.021646 #15314] FATAL -- : [ae99c6f2-d373-467f-acc7-14c49e16010d] actionpack (5.0.1) lib/action_dispatch/middleware/debug_exceptions.rb:53:in `call'
[ae99c6f2-d373-467f-acc7-14c49e16010d] actionpack (5.0.1) lib/action_dispatch/middleware/show_exceptions.rb:31:in `call'
[ae99c6f2-d373-467f-acc7-14c49e16010d] railties (5.0.1) lib/rails/rack/logger.rb:36:in `call_app'
[ae99c6f2-d373-467f-acc7-14c49e16010d] railties (5.0.1) lib/rails/rack/logger.rb:24:in `block in call'
[ae99c6f2-d373-467f-acc7-14c49e16010d] activesupport (5.0.1) lib/active_support/tagged_logging.rb:69:in `block in tagged'
[ae99c6f2-d373-467f-acc7-14c49e16010d] activesupport (5.0.1) lib/active_support/tagged_logging.rb:26:in `tagged'
[ae99c6f2-d373-467f-acc7-14c49e16010d] activesupport (5.0.1) lib/active_support/tagged_logging.rb:69:in `tagged'
[ae99c6f2-d373-467f-acc7-14c49e16010d] railties (5.0.1) lib/rails/rack/logger.rb:24:in `call'
[ae99c6f2-d373-467f-acc7-14c49e16010d] actionpack (5.0.1) lib/action_dispatch/middleware/request_id.rb:24:in `call'
[ae99c6f2-d373-467f-acc7-14c49e16010d] rack (2.0.1) lib/rack/method_override.rb:22:in `call'
[ae99c6f2-d373-467f-acc7-14c49e16010d] rack (2.0.1) lib/rack/runtime.rb:22:in `call'
[ae99c6f2-d373-467f-acc7-14c49e16010d] activesupport (5.0.1) lib/active_support/cache/strategy/local_cache_middleware.rb:28:in `call'
[ae99c6f2-d373-467f-acc7-14c49e16010d] actionpack (5.0.1) lib/action_dispatch/middleware/executor.rb:12:in `call'
[ae99c6f2-d373-467f-acc7-14c49e16010d] rack (2.0.1) lib/rack/sendfile.rb:111:in `call'
[ae99c6f2-d373-467f-acc7-14c49e16010d] railties (5.0.1) lib/rails/engine.rb:522:in `call'
[ae99c6f2-d373-467f-acc7-14c49e16010d] puma (3.7.0) lib/puma/configuration.rb:226:in `call'
[ae99c6f2-d373-467f-acc7-14c49e16010d] puma (3.7.0) lib/puma/server.rb:578:in `handle_request'
[ae99c6f2-d373-467f-acc7-14c49e16010d] puma (3.7.0) lib/puma/server.rb:415:in `process_client'
[ae99c6f2-d373-467f-acc7-14c49e16010d] puma (3.7.0) lib/puma/server.rb:275:in `block in run'
[ae99c6f2-d373-467f-acc7-14c49e16010d] puma (3.7.0) lib/puma/thread_pool.rb:120:in `block in spawn_thread'
I, [2017-02-02T11:52:15.022532 #15314]  INFO -- : [8b02e15d-633a-4caa-8b89-96b6b9b3ecb5] Started GET "/javascripts/application.js" for 127.0.0.1 at 2017-02-02 11:52:15 -0500
F, [2017-02-02T11:52:15.023005 #15314] FATAL -- : [8b02e15d-633a-4caa-8b89-96b6b9b3ecb5]   
F, [2017-02-02T11:52:15.023056 #15314] FATAL -- : [8b02e15d-633a-4caa-8b89-96b6b9b3ecb5] ActionController::RoutingError (No route matches [GET] "/javascripts/application.js"):
F, [2017-02-02T11:52:15.023087 #15314] FATAL -- : [8b02e15d-633a-4caa-8b89-96b6b9b3ecb5]   
F, [2017-02-02T11:52:15.023118 #15314] FATAL -- : [8b02e15d-633a-4caa-8b89-96b6b9b3ecb5] actionpack (5.0.1) lib/action_dispatch/middleware/debug_exceptions.rb:53:in `call'
[8b02e15d-633a-4caa-8b89-96b6b9b3ecb5] actionpack (5.0.1) lib/action_dispatch/middleware/show_exceptions.rb:31:in `call'
[8b02e15d-633a-4caa-8b89-96b6b9b3ecb5] railties (5.0.1) lib/rails/rack/logger.rb:36:in `call_app'
[8b02e15d-633a-4caa-8b89-96b6b9b3ecb5] railties (5.0.1) lib/rails/rack/logger.rb:24:in `block in call'
[8b02e15d-633a-4caa-8b89-96b6b9b3ecb5] activesupport (5.0.1) lib/active_support/tagged_logging.rb:69:in `block in tagged'
[8b02e15d-633a-4caa-8b89-96b6b9b3ecb5] activesupport (5.0.1) lib/active_support/tagged_logging.rb:26:in `tagged'
[8b02e15d-633a-4caa-8b89-96b6b9b3ecb5] activesupport (5.0.1) lib/active_support/tagged_logging.rb:69:in `tagged'
[8b02e15d-633a-4caa-8b89-96b6b9b3ecb5] railties (5.0.1) lib/rails/rack/logger.rb:24:in `call'
[8b02e15d-633a-4caa-8b89-96b6b9b3ecb5] actionpack (5.0.1) lib/action_dispatch/middleware/request_id.rb:24:in `call'
[8b02e15d-633a-4caa-8b89-96b6b9b3ecb5] rack (2.0.1) lib/rack/method_override.rb:22:in `call'
[8b02e15d-633a-4caa-8b89-96b6b9b3ecb5] rack (2.0.1) lib/rack/runtime.rb:22:in `call'
[8b02e15d-633a-4caa-8b89-96b6b9b3ecb5] activesupport (5.0.1) lib/active_support/cache/strategy/local_cache_middleware.rb:28:in `call'
[8b02e15d-633a-4caa-8b89-96b6b9b3ecb5] actionpack (5.0.1) lib/action_dispatch/middleware/executor.rb:12:in `call'
[8b02e15d-633a-4caa-8b89-96b6b9b3ecb5] rack (2.0.1) lib/rack/sendfile.rb:111:in `call'
[8b02e15d-633a-4caa-8b89-96b6b9b3ecb5] railties (5.0.1) lib/rails/engine.rb:522:in `call'
[8b02e15d-633a-4caa-8b89-96b6b9b3ecb5] puma (3.7.0) lib/puma/configuration.rb:226:in `call'
[8b02e15d-633a-4caa-8b89-96b6b9b3ecb5] puma (3.7.0) lib/puma/server.rb:578:in `handle_request'
[8b02e15d-633a-4caa-8b89-96b6b9b3ecb5] puma (3.7.0) lib/puma/server.rb:415:in `process_client'
[8b02e15d-633a-4caa-8b89-96b6b9b3ecb5] puma (3.7.0) lib/puma/server.rb:275:in `block in run'
[8b02e15d-633a-4caa-8b89-96b6b9b3ecb5] puma (3.7.0) lib/puma/thread_pool.rb:120:in `block in spawn_thread'
I, [2017-02-02T11:52:15.129438 #15314]  INFO -- : [3778d606-b010-485a-b6d0-1582892231ba] Started GET "/favicon.ico" for 127.0.0.1 at 2017-02-02 11:52:15 -0500
F, [2017-02-02T11:52:15.129945 #15314] FATAL -- : [3778d606-b010-485a-b6d0-1582892231ba]   
F, [2017-02-02T11:52:15.129984 #15314] FATAL -- : [3778d606-b010-485a-b6d0-1582892231ba] ActionController::RoutingError (No route matches [GET] "/favicon.ico"):
F, [2017-02-02T11:52:15.130011 #15314] FATAL -- : [3778d606-b010-485a-b6d0-1582892231ba]   
F, [2017-02-02T11:52:15.130041 #15314] FATAL -- : [3778d606-b010-485a-b6d0-1582892231ba] actionpack (5.0.1) lib/action_dispatch/middleware/debug_exceptions.rb:53:in `call'
[3778d606-b010-485a-b6d0-1582892231ba] actionpack (5.0.1) lib/action_dispatch/middleware/show_exceptions.rb:31:in `call'
[3778d606-b010-485a-b6d0-1582892231ba] railties (5.0.1) lib/rails/rack/logger.rb:36:in `call_app'
[3778d606-b010-485a-b6d0-1582892231ba] railties (5.0.1) lib/rails/rack/logger.rb:24:in `block in call'
[3778d606-b010-485a-b6d0-1582892231ba] activesupport (5.0.1) lib/active_support/tagged_logging.rb:69:in `block in tagged'
[3778d606-b010-485a-b6d0-1582892231ba] activesupport (5.0.1) lib/active_support/tagged_logging.rb:26:in `tagged'
[3778d606-b010-485a-b6d0-1582892231ba] activesupport (5.0.1) lib/active_support/tagged_logging.rb:69:in `tagged'
[3778d606-b010-485a-b6d0-1582892231ba] railties (5.0.1) lib/rails/rack/logger.rb:24:in `call'
[3778d606-b010-485a-b6d0-1582892231ba] actionpack (5.0.1) lib/action_dispatch/middleware/request_id.rb:24:in `call'
[3778d606-b010-485a-b6d0-1582892231ba] rack (2.0.1) lib/rack/method_override.rb:22:in `call'
[3778d606-b010-485a-b6d0-1582892231ba] rack (2.0.1) lib/rack/runtime.rb:22:in `call'
[3778d606-b010-485a-b6d0-1582892231ba] activesupport (5.0.1) lib/active_support/cache/strategy/local_cache_middleware.rb:28:in `call'
[3778d606-b010-485a-b6d0-1582892231ba] actionpack (5.0.1) lib/action_dispatch/middleware/executor.rb:12:in `call'
[3778d606-b010-485a-b6d0-1582892231ba] rack (2.0.1) lib/rack/sendfile.rb:111:in `call'
[3778d606-b010-485a-b6d0-1582892231ba] railties (5.0.1) lib/rails/engine.rb:522:in `call'
[3778d606-b010-485a-b6d0-1582892231ba] puma (3.7.0) lib/puma/configuration.rb:226:in `call'
[3778d606-b010-485a-b6d0-1582892231ba] puma (3.7.0) lib/puma/server.rb:578:in `handle_request'
[3778d606-b010-485a-b6d0-1582892231ba] puma (3.7.0) lib/puma/server.rb:415:in `process_client'
[3778d606-b010-485a-b6d0-1582892231ba] puma (3.7.0) lib/puma/server.rb:275:in `block in run'
[3778d606-b010-485a-b6d0-1582892231ba] puma (3.7.0) lib/puma/thread_pool.rb:120:in `block in spawn_thread'
I, [2017-02-02T11:52:17.499108 #15314]  INFO -- : [c2e5a4be-a8ee-40b4-82b9-5e82575758f2] Started GET "/tewt" for 127.0.0.1 at 2017-02-02 11:52:17 -0500
F, [2017-02-02T11:52:17.500834 #15314] FATAL -- : [c2e5a4be-a8ee-40b4-82b9-5e82575758f2]   
F, [2017-02-02T11:52:17.500961 #15314] FATAL -- : [c2e5a4be-a8ee-40b4-82b9-5e82575758f2] ActionController::RoutingError (No route matches [GET] "/tewt"):
F, [2017-02-02T11:52:17.501050 #15314] FATAL -- : [c2e5a4be-a8ee-40b4-82b9-5e82575758f2]   
F, [2017-02-02T11:52:17.501156 #15314] FATAL -- : [c2e5a4be-a8ee-40b4-82b9-5e82575758f2] actionpack (5.0.1) lib/action_dispatch/middleware/debug_exceptions.rb:53:in `call'
[c2e5a4be-a8ee-40b4-82b9-5e82575758f2] actionpack (5.0.1) lib/action_dispatch/middleware/show_exceptions.rb:31:in `call'
[c2e5a4be-a8ee-40b4-82b9-5e82575758f2] railties (5.0.1) lib/rails/rack/logger.rb:36:in `call_app'
[c2e5a4be-a8ee-40b4-82b9-5e82575758f2] railties (5.0.1) lib/rails/rack/logger.rb:24:in `block in call'
[c2e5a4be-a8ee-40b4-82b9-5e82575758f2] activesupport (5.0.1) lib/active_support/tagged_logging.rb:69:in `block in tagged'
[c2e5a4be-a8ee-40b4-82b9-5e82575758f2] activesupport (5.0.1) lib/active_support/tagged_logging.rb:26:in `tagged'
[c2e5a4be-a8ee-40b4-82b9-5e82575758f2] activesupport (5.0.1) lib/active_support/tagged_logging.rb:69:in `tagged'
[c2e5a4be-a8ee-40b4-82b9-5e82575758f2] railties (5.0.1) lib/rails/rack/logger.rb:24:in `call'
[c2e5a4be-a8ee-40b4-82b9-5e82575758f2] actionpack (5.0.1) lib/action_dispatch/middleware/request_id.rb:24:in `call'
[c2e5a4be-a8ee-40b4-82b9-5e82575758f2] rack (2.0.1) lib/rack/method_override.rb:22:in `call'
[c2e5a4be-a8ee-40b4-82b9-5e82575758f2] rack (2.0.1) lib/rack/runtime.rb:22:in `call'
[c2e5a4be-a8ee-40b4-82b9-5e82575758f2] activesupport (5.0.1) lib/active_support/cache/strategy/local_cache_middleware.rb:28:in `call'
[c2e5a4be-a8ee-40b4-82b9-5e82575758f2] actionpack (5.0.1) lib/action_dispatch/middleware/executor.rb:12:in `call'
[c2e5a4be-a8ee-40b4-82b9-5e82575758f2] rack (2.0.1) lib/rack/sendfile.rb:111:in `call'
[c2e5a4be-a8ee-40b4-82b9-5e82575758f2] railties (5.0.1) lib/rails/engine.rb:522:in `call'
[c2e5a4be-a8ee-40b4-82b9-5e82575758f2] puma (3.7.0) lib/puma/configuration.rb:226:in `call'
[c2e5a4be-a8ee-40b4-82b9-5e82575758f2] puma (3.7.0) lib/puma/server.rb:578:in `handle_request'
[c2e5a4be-a8ee-40b4-82b9-5e82575758f2] puma (3.7.0) lib/puma/server.rb:415:in `process_client'
[c2e5a4be-a8ee-40b4-82b9-5e82575758f2] puma (3.7.0) lib/puma/server.rb:275:in `block in run'
[c2e5a4be-a8ee-40b4-82b9-5e82575758f2] puma (3.7.0) lib/puma/thread_pool.rb:120:in `block in spawn_thread'
